#
# There is insufficient memory for the Java Runtime Environment to continue.
# Native memory allocation (mmap) failed to map 268435456 bytes for Failed to commit area from 0x0000000700c00000 to 0x0000000710c00000 of length 268435456.
# Possible reasons:
#   The system is out of physical RAM or swap space
#   The process is running with CompressedOops enabled, and the Java Heap may be blocking the growth of the native heap
# Possible solutions:
#   Reduce memory load on the system
#   Increase physical memory or swap space
#   Check if swap backing store is full
#   Decrease Java heap size (-Xmx/-Xms)
#   Decrease number of Java threads
#   Decrease Java thread stack sizes (-Xss)
#   Set larger code cache with -XX:ReservedCodeCacheSize=
# This output file may be truncated or incomplete.
#
#  Out of Memory Error (./src/hotspot/os/windows/os_windows.cpp:3387), pid=27080, tid=180056
#
# JRE version:  (11.0.14.1+1) (build )
# Java VM: OpenJDK 64-Bit Server VM (11.0.14.1+1, mixed mode, sharing, tiered, compressed oops, g1 gc, windows-amd64)
# No core dump will be written. Minidumps are not enabled by default on client versions of Windows
#

---------------  S U M M A R Y ------------

Command Line: 

Host: AMD Ryzen 5 3600 6-Core Processor              , 12 cores, 15G,  Windows 10 , 64 bit Build 19041 (10.0.19041.5198)
Time: Wed Jan 29 17:34:01 2025 Pakistan Standard Time elapsed time: 0.007080 seconds (0d 0h 0m 0s)

---------------  T H R E A D  ---------------

Current thread (0x000002290f272000):  JavaThread "Unknown thread" [_thread_in_vm, id=180056, stack(0x0000003615f00000,0x0000003616000000)]

Stack: [0x0000003615f00000,0x0000003616000000]
Native frames: (J=compiled Java code, j=interpreted, Vv=VM code, C=native code)
V  [jvm.dll+0x61e59a]
V  [jvm.dll+0x7aaca9]
V  [jvm.dll+0x7ac398]
V  [jvm.dll+0x7aca73]
V  [jvm.dll+0x24f9b8]
V  [jvm.dll+0x61b83a]
V  [jvm.dll+0x6100c5]
V  [jvm.dll+0x30772c]
V  [jvm.dll+0x3075b2]
V  [jvm.dll+0x30c2d6]
V  [jvm.dll+0x35272f]
V  [jvm.dll+0x352160]
V  [jvm.dll+0x2e4728]
V  [jvm.dll+0x2e5886]
V  [jvm.dll+0x784b07]
V  [jvm.dll+0x78628f]
V  [jvm.dll+0x35f479]
V  [jvm.dll+0x767aa0]
V  [jvm.dll+0x3ccf1f]
V  [jvm.dll+0x3cf2b1]
C  [jli.dll+0x5207]
C  [ucrtbase.dll+0x21bb2]
C  [KERNEL32.DLL+0x17374]
C  [ntdll.dll+0x4cc91]


---------------  P R O C E S S  ---------------

Threads class SMR info:
_java_thread_list=0x000002290d064e90, length=0, elements={
}

Java Threads: ( => current thread )

Other Threads:
  0x000002290f28b000 GCTaskThread "GC Thread#0" [stack: 0x0000003616000000,0x0000003616100000] [id=87852]
  0x000002290f2e8000 ConcurrentGCThread "G1 Main Marker" [stack: 0x0000003616100000,0x0000003616200000] [id=94420]
  0x000002290f2e9800 ConcurrentGCThread "G1 Conc#0" [stack: 0x0000003616200000,0x0000003616300000] [id=46460]

[error occurred during error reporting (printing all threads), id 0xc0000005, EXCEPTION_ACCESS_VIOLATION (0xc0000005) at pc=0x00007fff4b1d3ef7]

VM state:not at safepoint (not fully initialized)

VM Mutex/Monitor currently owned by a thread:  ([mutex/lock_event])
[0x000002290f26e030] Heap_lock - owner thread: 0x000002290f272000

Heap address: 0x0000000700c00000, size: 4084 MB, Compressed Oops mode: Non-zero based: 0x0000000700c00000
Narrow klass base: 0x0000000000000000, Narrow klass shift: 0

GC Heap History (0 events):
No events

Deoptimization events (0 events):
No events

Classes redefined (0 events):
No events

Internal exceptions (0 events):
No events

Events (1 events):
Event: 0.004 Loaded shared library C:\Program Files\Unity\Hub\Editor\2023.2.20f1\Editor\Data\PlaybackEngines\AndroidPlayer\OpenJDK\bin\zip.dll


Dynamic libraries:
0x00007ff6d2720000 - 0x00007ff6d272d000 	C:\Program Files\Unity\Hub\Editor\2023.2.20f1\Editor\Data\PlaybackEngines\AndroidPlayer\OpenJDK\bin\java.exe
0x00007fffb4c10000 - 0x00007fffb4e08000 	C:\Windows\SYSTEM32\ntdll.dll
0x00007fffb3800000 - 0x00007fffb38c2000 	C:\Windows\System32\KERNEL32.DLL
0x00007fffb2790000 - 0x00007fffb2a8f000 	C:\Windows\System32\KERNELBASE.dll
0x00007fffb2660000 - 0x00007fffb2760000 	C:\Windows\System32\ucrtbase.dll
0x00007fff95030000 - 0x00007fff95047000 	C:\Program Files\Unity\Hub\Editor\2023.2.20f1\Editor\Data\PlaybackEngines\AndroidPlayer\OpenJDK\bin\jli.dll
0x00007fff95010000 - 0x00007fff95025000 	C:\Program Files\Unity\Hub\Editor\2023.2.20f1\Editor\Data\PlaybackEngines\AndroidPlayer\OpenJDK\bin\VCRUNTIME140.dll
0x00007fffb38d0000 - 0x00007fffb3a6d000 	C:\Windows\System32\USER32.dll
0x00007fff96760000 - 0x00007fff969fa000 	C:\Windows\WinSxS\amd64_microsoft.windows.common-controls_6595b64144ccf1df_6.0.19041.4355_none_60b8b9eb71f62e16\COMCTL32.dll
0x00007fffb2ba0000 - 0x00007fffb2bc2000 	C:\Windows\System32\win32u.dll
0x00007fffb42b0000 - 0x00007fffb434e000 	C:\Windows\System32\msvcrt.dll
0x00007fffb4480000 - 0x00007fffb44ab000 	C:\Windows\System32\GDI32.dll
0x00007fffb2540000 - 0x00007fffb2657000 	C:\Windows\System32\gdi32full.dll
0x00007fffb2b00000 - 0x00007fffb2b9d000 	C:\Windows\System32\msvcp_win.dll
0x00007fffb41b0000 - 0x00007fffb41df000 	C:\Windows\System32\IMM32.DLL
0x00007fff94f70000 - 0x00007fff9500b000 	C:\Program Files\Unity\Hub\Editor\2023.2.20f1\Editor\Data\PlaybackEngines\AndroidPlayer\OpenJDK\bin\msvcp140.dll
0x00007fff4aee0000 - 0x00007fff4ba61000 	C:\Program Files\Unity\Hub\Editor\2023.2.20f1\Editor\Data\PlaybackEngines\AndroidPlayer\OpenJDK\bin\server\jvm.dll
0x00007fffb43c0000 - 0x00007fffb4471000 	C:\Windows\System32\ADVAPI32.dll
0x00007fffb3b80000 - 0x00007fffb3c1f000 	C:\Windows\System32\sechost.dll
0x00007fffb34d0000 - 0x00007fffb35f3000 	C:\Windows\System32\RPCRT4.dll
0x00007fffb2760000 - 0x00007fffb2787000 	C:\Windows\System32\bcrypt.dll
0x00007fffb37f0000 - 0x00007fffb37f8000 	C:\Windows\System32\PSAPI.DLL
0x00007fffaf470000 - 0x00007fffaf479000 	C:\Windows\SYSTEM32\WSOCK32.dll
0x00007fffa92f0000 - 0x00007fffa9317000 	C:\Windows\SYSTEM32\WINMM.dll
0x00007fffb44d0000 - 0x00007fffb453b000 	C:\Windows\System32\WS2_32.dll
0x00007fffac8c0000 - 0x00007fffac8ca000 	C:\Windows\SYSTEM32\VERSION.dll
0x00007fffb0140000 - 0x00007fffb0152000 	C:\Windows\SYSTEM32\kernel.appcore.dll
0x00007fff94f60000 - 0x00007fff94f70000 	C:\Program Files\Unity\Hub\Editor\2023.2.20f1\Editor\Data\PlaybackEngines\AndroidPlayer\OpenJDK\bin\verify.dll
0x00007fffa8950000 - 0x00007fffa8b34000 	C:\Windows\SYSTEM32\DBGHELP.DLL
0x00007fff96a00000 - 0x00007fff96a34000 	C:\Windows\SYSTEM32\dbgcore.DLL
0x00007fffb22a0000 - 0x00007fffb2322000 	C:\Windows\System32\bcryptPrimitives.dll
0x00007fff89aa0000 - 0x00007fff89ac8000 	C:\Program Files\Unity\Hub\Editor\2023.2.20f1\Editor\Data\PlaybackEngines\AndroidPlayer\OpenJDK\bin\java.dll
0x00007fff94f50000 - 0x00007fff94f5a000 	C:\Program Files\Unity\Hub\Editor\2023.2.20f1\Editor\Data\PlaybackEngines\AndroidPlayer\OpenJDK\bin\jimage.dll
0x00007fff8f0c0000 - 0x00007fff8f0d8000 	C:\Program Files\Unity\Hub\Editor\2023.2.20f1\Editor\Data\PlaybackEngines\AndroidPlayer\OpenJDK\bin\zip.dll

dbghelp: loaded successfully - version: 4.0.5 - missing functions: none
symbol engine: initialized successfully - sym options: 0x614 - pdb path: .;C:\Program Files\Unity\Hub\Editor\2023.2.20f1\Editor\Data\PlaybackEngines\AndroidPlayer\OpenJDK\bin;C:\Windows\SYSTEM32;C:\Windows\WinSxS\amd64_microsoft.windows.common-controls_6595b64144ccf1df_6.0.19041.4355_none_60b8b9eb71f62e16;C:\Program Files\Unity\Hub\Editor\2023.2.20f1\Editor\Data\PlaybackEngines\AndroidPlayer\OpenJDK\bin\server

VM Arguments:
java_command: <unknown>
java_class_path (initial): <not set>
Launcher Type: SUN_STANDARD

[Global flags]
     intx CICompilerCount                          = 4                                         {product} {ergonomic}
     uint ConcGCThreads                            = 3                                         {product} {ergonomic}
     uint G1ConcRefinementThreads                  = 10                                        {product} {ergonomic}
   size_t G1HeapRegionSize                         = 1048576                                   {product} {ergonomic}
    uintx GCDrainStackTargetSize                   = 64                                        {product} {ergonomic}
   size_t InitialHeapSize                          = 268435456                                 {product} {ergonomic}
   size_t MarkStackSize                            = 4194304                                   {product} {ergonomic}
   size_t MaxHeapSize                              = 4282384384                                {product} {ergonomic}
   size_t MinHeapDeltaBytes                        = 1048576                                   {product} {ergonomic}
    uintx NonNMethodCodeHeapSize                   = 5836300                                {pd product} {ergonomic}
    uintx NonProfiledCodeHeapSize                  = 122910970                              {pd product} {ergonomic}
    uintx ProfiledCodeHeapSize                     = 122910970                              {pd product} {ergonomic}
    uintx ReservedCodeCacheSize                    = 251658240                              {pd product} {ergonomic}
     bool SegmentedCodeCache                       = true                                      {product} {ergonomic}
     bool UseCompressedClassPointers               = true                                 {lp64_product} {ergonomic}
     bool UseCompressedOops                        = true                                 {lp64_product} {ergonomic}
     bool UseG1GC                                  = true                                      {product} {ergonomic}
     bool UseLargePagesIndividualAllocation        = false                                  {pd product} {ergonomic}

Logging:
Log output configuration:
 #0: stdout all=warning uptime,level,tags
 #1: stderr all=off uptime,level,tags

Environment Variables:
JAVA_HOME=C:\Program Files\Unity\Hub\Editor\2023.2.20f1\Editor\Data\PlaybackEngines\AndroidPlayer\OpenJDK
PATH=C:\Windows\system32;C:\Windows;C:\Windows\System32\Wbem;C:\Windows\System32\WindowsPowerShell\v1.0\;C:\Windows\System32\OpenSSH\;C:\Program Files\NVIDIA Corporation\NVIDIA NvDLISR;C:\Program Files\dotnet\;C:\Program Files\Git\cmd;C:\Users\portsea\AppData\Local\Microsoft\WindowsApps;C:\Users\portsea\AppData\Local\Muse Hub\lib;C:\Users\portsea\AppData\Local\GitHubDesktop\bin;C:\Program Files\Git\bin;C:\Users\portsea\AppData\Local\Programs\Microsoft VS Code\bin
USERNAME=portsea
OS=Windows_NT
PROCESSOR_IDENTIFIER=AMD64 Family 23 Model 113 Stepping 0, AuthenticAMD



---------------  S Y S T E M  ---------------

OS: Windows 10 , 64 bit Build 19041 (10.0.19041.5198)
OS uptime: 6 days 1:03 hours

CPU:total 12 (initial active 12) (12 cores per cpu, 2 threads per core) family 23 model 113 stepping 0 microcode 0x0, cmov, cx8, fxsr, mmx, sse, sse2, sse3, ssse3, sse4.1, sse4.2, popcnt, avx, avx2, aes, clmul, mmxext, 3dnowpref, lzcnt, sse4a, ht, tsc, tscinvbit, tscinv, bmi1, bmi2, adx, sha, fma

Memory: 4k page, system-wide physical 16328M (2393M free)
TotalPageFile size 26922M (AvailPageFile size 232M)
current process WorkingSet (physical memory assigned to process): 10M, peak: 10M
current process commit charge ("private bytes"): 65M, peak: 320M

vm_info: OpenJDK 64-Bit Server VM (11.0.14.1+1) for windows-amd64 JRE (11.0.14.1+1), built on Feb  9 2022 01:48:27 by "" with unknown MS VC++:1916

END.
